Classic Timing Analyzer report for lab1
Wed Oct 16 13:52:29 2024
Quartus II Version 9.0 Build 132 02/25/2009 SJ Full Version


---------------------
; Table of Contents ;
---------------------
  1. Legal Notice
  2. Timing Analyzer Summary
  3. Timing Analyzer Settings
  4. Parallel Compilation
  5. tpd
  6. Timing Analyzer Messages



----------------
; Legal Notice ;
----------------
Copyright (C) 1991-2009 Altera Corporation
Your use of Altera Corporation's design tools, logic functions 
and other software and tools, and its AMPP partner logic 
functions, and any output files from any of the foregoing 
(including device programming or simulation files), and any 
associated documentation or information are expressly subject 
to the terms and conditions of the Altera Program License 
Subscription Agreement, Altera MegaCore Function License 
Agreement, or other applicable license agreement, including, 
without limitation, that your use is for the sole purpose of 
programming logic devices manufactured by Altera and sold by 
Altera or its authorized distributors.  Please refer to the 
applicable agreement for further details.



+--------------------------------------------------------------------------------------------------------------------------+
; Timing Analyzer Summary                                                                                                  ;
+------------------------------+-------+---------------+-------------+--------+-----+------------+----------+--------------+
; Type                         ; Slack ; Required Time ; Actual Time ; From   ; To  ; From Clock ; To Clock ; Failed Paths ;
+------------------------------+-------+---------------+-------------+--------+-----+------------+----------+--------------+
; Worst-case tpd               ; N/A   ; None          ; 13.300 ns   ; sel[1] ; out ; --         ; --       ; 0            ;
; Total number of failed paths ;       ;               ;             ;        ;     ;            ;          ; 0            ;
+------------------------------+-------+---------------+-------------+--------+-----+------------+----------+--------------+


+--------------------------------------------------------------------------------------------------------------------+
; Timing Analyzer Settings                                                                                           ;
+---------------------------------------------------------------------+--------------------+------+----+-------------+
; Option                                                              ; Setting            ; From ; To ; Entity Name ;
+---------------------------------------------------------------------+--------------------+------+----+-------------+
; Device Name                                                         ; EP1K30TC144-3      ;      ;    ;             ;
; Timing Models                                                       ; Final              ;      ;    ;             ;
; Default hold multicycle                                             ; Same as Multicycle ;      ;    ;             ;
; Cut paths between unrelated clock domains                           ; On                 ;      ;    ;             ;
; Cut off read during write signal paths                              ; On                 ;      ;    ;             ;
; Cut off feedback from I/O pins                                      ; On                 ;      ;    ;             ;
; Report Combined Fast/Slow Timing                                    ; Off                ;      ;    ;             ;
; Ignore Clock Settings                                               ; Off                ;      ;    ;             ;
; Analyze latches as synchronous elements                             ; On                 ;      ;    ;             ;
; Enable Recovery/Removal analysis                                    ; Off                ;      ;    ;             ;
; Enable Clock Latency                                                ; Off                ;      ;    ;             ;
; Use TimeQuest Timing Analyzer                                       ; Off                ;      ;    ;             ;
; Number of source nodes to report per destination node               ; 10                 ;      ;    ;             ;
; Number of destination nodes to report                               ; 10                 ;      ;    ;             ;
; Number of paths to report                                           ; 200                ;      ;    ;             ;
; Report Minimum Timing Checks                                        ; Off                ;      ;    ;             ;
; Use Fast Timing Models                                              ; Off                ;      ;    ;             ;
; Report IO Paths Separately                                          ; Off                ;      ;    ;             ;
; Perform Multicorner Analysis                                        ; Off                ;      ;    ;             ;
; Reports the worst-case path for each clock domain and analysis      ; Off                ;      ;    ;             ;
; Removes common clock path pessimism (CCPP) during slack computation ; Off                ;      ;    ;             ;
; Output I/O Timing Endpoint                                          ; Near End           ;      ;    ;             ;
+---------------------------------------------------------------------+--------------------+------+----+-------------+


+------------------------------------------+
; Parallel Compilation                     ;
+----------------------------+-------------+
; Processors                 ; Number      ;
+----------------------------+-------------+
; Number detected on machine ; 2           ;
; Maximum allowed            ; 2           ;
;                            ;             ;
; Average used               ; 1.00        ;
; Maximum used               ; 1           ;
;                            ;             ;
; Usage by Processor         ; % Time Used ;
;     1 processor            ; 100.0%      ;
;     2 processors           ;   0.0%      ;
+----------------------------+-------------+


+------------------------------------------------------------+
; tpd                                                        ;
+-------+-------------------+-----------------+--------+-----+
; Slack ; Required P2P Time ; Actual P2P Time ; From   ; To  ;
+-------+-------------------+-----------------+--------+-----+
; N/A   ; None              ; 13.300 ns       ; sel[1] ; out ;
; N/A   ; None              ; 13.200 ns       ; d[1]   ; out ;
; N/A   ; None              ; 13.200 ns       ; sel[0] ; out ;
; N/A   ; None              ; 13.000 ns       ; d[0]   ; out ;
; N/A   ; None              ; 11.400 ns       ; d[2]   ; out ;
; N/A   ; None              ; 11.100 ns       ; d[3]   ; out ;
+-------+-------------------+-----------------+--------+-----+


+--------------------------+
; Timing Analyzer Messages ;
+--------------------------+
Info: *******************************************************************
Info: Running Quartus II Classic Timing Analyzer
    Info: Version 9.0 Build 132 02/25/2009 SJ Full Version
    Info: Processing started: Wed Oct 16 13:52:29 2024
Info: Command: quartus_tan --read_settings_files=off --write_settings_files=off lab1 -c lab1
Info: Parallel compilation is enabled and will use 2 of the 2 processors detected
Info: Started post-fitting delay annotation
Info: Delay annotation completed successfully
Info: Longest tpd from source pin "sel[1]" to destination pin "out" is 13.300 ns
    Info: 1: + IC(0.000 ns) + CELL(2.000 ns) = 2.000 ns; Loc. = PIN_126; Fanout = 2; PIN Node = 'sel[1]'
    Info: 2: + IC(0.100 ns) + CELL(1.700 ns) = 3.800 ns; Loc. = LC1_B8; Fanout = 1; COMB Node = 'mux210:M2|out~1'
    Info: 3: + IC(0.300 ns) + CELL(1.600 ns) = 5.700 ns; Loc. = LC2_B8; Fanout = 1; COMB Node = 'mux210:M2|out~2'
    Info: 4: + IC(1.300 ns) + CELL(6.300 ns) = 13.300 ns; Loc. = PIN_99; Fanout = 0; PIN Node = 'out'
    Info: Total cell delay = 11.600 ns ( 87.22 % )
    Info: Total interconnect delay = 1.700 ns ( 12.78 % )
Info: Quartus II Classic Timing Analyzer was successful. 0 errors, 0 warnings
    Info: Peak virtual memory: 185 megabytes
    Info: Processing ended: Wed Oct 16 13:52:29 2024
    Info: Elapsed time: 00:00:00
    Info: Total CPU time (on all processors): 00:00:00


