Flow report for lab1
Wed Oct 16 13:52:31 2024
Quartus II Version 9.0 Build 132 02/25/2009 SJ Full Version


---------------------
; Table of Contents ;
---------------------
  1. Legal Notice
  2. Flow Summary
  3. Flow Settings
  4. Flow Non-Default Global Settings
  5. Flow Elapsed Time
  6. Flow OS Summary
  7. Flow Log



----------------
; Legal Notice ;
----------------
Copyright (C) 1991-2009 Altera Corporation
Your use of Altera Corporation's design tools, logic functions 
and other software and tools, and its AMPP partner logic 
functions, and any output files from any of the foregoing 
(including device programming or simulation files), and any 
associated documentation or information are expressly subject 
to the terms and conditions of the Altera Program License 
Subscription Agreement, Altera MegaCore Function License 
Agreement, or other applicable license agreement, including, 
without limitation, that your use is for the sole purpose of 
programming logic devices manufactured by Altera and sold by 
Altera or its authorized distributors.  Please refer to the 
applicable agreement for further details.



+--------------------------------------------------------------------+
; Flow Summary                                                       ;
+-------------------------+------------------------------------------+
; Flow Status             ; Successful - Wed Oct 16 13:52:31 2024    ;
; Quartus II Version      ; 9.0 Build 132 02/25/2009 SJ Full Version ;
; Revision Name           ; lab1                                     ;
; Top-level Entity Name   ; mux41                                    ;
; Family                  ; ACEX1K                                   ;
; Device                  ; EP1K30TC144-3                            ;
; Timing Models           ; Final                                    ;
; Met timing requirements ; Yes                                      ;
; Total logic elements    ; 2 / 1,728 ( < 1 % )                      ;
; Total pins              ; 7 / 102 ( 7 % )                          ;
; Total memory bits       ; 0 / 24,576 ( 0 % )                       ;
; Total PLLs              ; 0                                        ;
+-------------------------+------------------------------------------+


+-----------------------------------------+
; Flow Settings                           ;
+-------------------+---------------------+
; Option            ; Setting             ;
+-------------------+---------------------+
; Start date & time ; 10/16/2024 13:52:23 ;
; Main task         ; Compilation         ;
; Revision Name     ; lab1                ;
+-------------------+---------------------+


+-------------------------------------------------------------------------------------------------------------------------------------------+
; Flow Non-Default Global Settings                                                                                                          ;
+--------------------------------------+--------------------------------------+------------------------------+-------------+----------------+
; Assignment Name                      ; Value                                ; Default Value                ; Entity Name ; Section Id     ;
+--------------------------------------+--------------------------------------+------------------------------+-------------+----------------+
; COMPILER_SIGNATURE_ID                ; 35296155803698.172907594204072       ; --                           ; --          ; --             ;
; EDA_DESIGN_INSTANCE_NAME             ; mux_inst                             ; --                           ; --          ; testbranch     ;
; EDA_NATIVELINK_SIMULATION_TEST_BENCH ; testbranch                           ; --                           ; --          ; eda_simulation ;
; EDA_OUTPUT_DATA_FORMAT               ; Verilog Hdl                          ; --                           ; --          ; eda_simulation ;
; EDA_SIMULATION_TOOL                  ; ModelSim-Altera (Verilog)            ; <None>                       ; --          ; --             ;
; EDA_TEST_BENCH_ENABLE_STATUS         ; TEST_BENCH_MODE                      ; --                           ; --          ; eda_simulation ;
; EDA_TEST_BENCH_FILE                  ; testbranch.v                         ; --                           ; --          ; testbranch     ;
; EDA_TEST_BENCH_MODULE_NAME           ; testbranch                           ; --                           ; --          ; testbranch     ;
; EDA_TEST_BENCH_NAME                  ; testbranch                           ; --                           ; --          ; eda_simulation ;
; EDA_TIME_SCALE                       ; 1 ps                                 ; --                           ; --          ; eda_simulation ;
; FITTER_EFFORT                        ; Standard Fit                         ; Auto Fit                     ; --          ; --             ;
; INCREMENTAL_COMPILATION              ; Off                                  ; FULL_INCREMENTAL_COMPILATION ; --          ; --             ;
; MISC_FILE                            ; C:/altera/90/quartus/RS-p21/lab1.dpf ; --                           ; --          ; --             ;
; PARTITION_COLOR                      ; 16764057                             ; --                           ; mux41       ; Top            ;
; PARTITION_NETLIST_TYPE               ; SOURCE                               ; --                           ; mux41       ; Top            ;
; TOP_LEVEL_ENTITY                     ; mux41                                ; lab1                         ; --          ; --             ;
; USE_GENERATED_PHYSICAL_CONSTRAINTS   ; Off                                  ; --                           ; --          ; eda_blast_fpga ;
+--------------------------------------+--------------------------------------+------------------------------+-------------+----------------+


+-----------------------------------------------------------------------------------------------------------------------------+
; Flow Elapsed Time                                                                                                           ;
+-------------------------+--------------+-------------------------+---------------------+------------------------------------+
; Module Name             ; Elapsed Time ; Average Processors Used ; Peak Virtual Memory ; Total CPU Time (on all processors) ;
+-------------------------+--------------+-------------------------+---------------------+------------------------------------+
; Analysis & Synthesis    ; 00:00:01     ; 1.0                     ; 215 MB              ; 00:00:01                           ;
; Fitter                  ; 00:00:02     ; 1.0                     ; 221 MB              ; 00:00:02                           ;
; Assembler               ; 00:00:01     ; 1.0                     ; 183 MB              ; 00:00:00                           ;
; Classic Timing Analyzer ; 00:00:00     ; 1.0                     ; 171 MB              ; 00:00:00                           ;
; EDA Netlist Writer      ; 00:00:00     ; 1.0                     ; 155 MB              ; 00:00:00                           ;
; Total                   ; 00:00:04     ; --                      ; --                  ; 00:00:03                           ;
+-------------------------+--------------+-------------------------+---------------------+------------------------------------+


+------------------------------------------------------------------------------------------+
; Flow OS Summary                                                                          ;
+-------------------------+------------------+---------------+------------+----------------+
; Module Name             ; Machine Hostname ; OS Name       ; OS Version ; Processor type ;
+-------------------------+------------------+---------------+------------+----------------+
; Analysis & Synthesis    ; XtremeLite-PC    ; Windows Vista ; 6.2        ; x86_64         ;
; Fitter                  ; XtremeLite-PC    ; Windows Vista ; 6.2        ; x86_64         ;
; Assembler               ; XtremeLite-PC    ; Windows Vista ; 6.2        ; x86_64         ;
; Classic Timing Analyzer ; XtremeLite-PC    ; Windows Vista ; 6.2        ; x86_64         ;
; EDA Netlist Writer      ; XtremeLite-PC    ; Windows Vista ; 6.2        ; x86_64         ;
+-------------------------+------------------+---------------+------------+----------------+


------------
; Flow Log ;
------------
quartus_map --read_settings_files=on --write_settings_files=off lab1 -c lab1
quartus_fit --read_settings_files=off --write_settings_files=off lab1 -c lab1
quartus_asm --read_settings_files=off --write_settings_files=off lab1 -c lab1
quartus_tan --read_settings_files=off --write_settings_files=off lab1 -c lab1
quartus_eda --read_settings_files=off --write_settings_files=off lab1 -c lab1



