Analysis & Synthesis report for lab4
Wed Oct 23 15:38:54 2024
Quartus II Version 9.0 Build 132 02/25/2009 SJ Full Version


---------------------
; Table of Contents ;
---------------------
  1. Legal Notice
  2. Analysis & Synthesis Summary
  3. Analysis & Synthesis Settings
  4. Analysis & Synthesis Source Files Read
  5. Analysis & Synthesis Resource Usage Summary
  6. Analysis & Synthesis Resource Utilization by Entity
  7. State Machine - |SM8|state
  8. Registers Removed During Synthesis
  9. General Register Statistics
 10. Analysis & Synthesis Messages



----------------
; Legal Notice ;
----------------
Copyright (C) 1991-2009 Altera Corporation
Your use of Altera Corporation's design tools, logic functions 
and other software and tools, and its AMPP partner logic 
functions, and any output files from any of the foregoing 
(including device programming or simulation files), and any 
associated documentation or information are expressly subject 
to the terms and conditions of the Altera Program License 
Subscription Agreement, Altera MegaCore Function License 
Agreement, or other applicable license agreement, including, 
without limitation, that your use is for the sole purpose of 
programming logic devices manufactured by Altera and sold by 
Altera or its authorized distributors.  Please refer to the 
applicable agreement for further details.



+------------------------------------------------------------------------+
; Analysis & Synthesis Summary                                           ;
+-----------------------------+------------------------------------------+
; Analysis & Synthesis Status ; Successful - Wed Oct 23 15:38:54 2024    ;
; Quartus II Version          ; 9.0 Build 132 02/25/2009 SJ Full Version ;
; Revision Name               ; lab4                                     ;
; Top-level Entity Name       ; SM8                                      ;
; Family                      ; ACEX1K                                   ;
; Total logic elements        ; 8                                        ;
; Total pins                  ; 3                                        ;
; Total memory bits           ; 0                                        ;
; Total PLLs                  ; 0                                        ;
+-----------------------------+------------------------------------------+


+------------------------------------------------------------------------------------------------+
; Analysis & Synthesis Settings                                                                  ;
+----------------------------------------------------------------+---------------+---------------+
; Option                                                         ; Setting       ; Default Value ;
+----------------------------------------------------------------+---------------+---------------+
; Device                                                         ; EP1K30TC144-3 ;               ;
; Top-level entity name                                          ; SM8           ; lab4          ;
; Family name                                                    ; ACEX1K        ; Stratix II    ;
; Type of Retiming Performed During Resynthesis                  ; Full          ;               ;
; Resynthesis Optimization Effort                                ; Normal        ;               ;
; Physical Synthesis Level for Resynthesis                       ; Normal        ;               ;
; Use Generated Physical Constraints File                        ; On            ;               ;
; Use smart compilation                                          ; Off           ; Off           ;
; Create Debugging Nodes for IP Cores                            ; Off           ; Off           ;
; Preserve fewer node names                                      ; On            ; On            ;
; Disable OpenCore Plus hardware evaluation                      ; Off           ; Off           ;
; Verilog Version                                                ; Verilog_2001  ; Verilog_2001  ;
; VHDL Version                                                   ; VHDL93        ; VHDL93        ;
; State Machine Processing                                       ; Auto          ; Auto          ;
; Safe State Machine                                             ; Off           ; Off           ;
; Extract Verilog State Machines                                 ; On            ; On            ;
; Extract VHDL State Machines                                    ; On            ; On            ;
; Ignore Verilog initial constructs                              ; Off           ; Off           ;
; Iteration limit for constant Verilog loops                     ; 5000          ; 5000          ;
; Iteration limit for non-constant Verilog loops                 ; 250           ; 250           ;
; Add Pass-Through Logic to Inferred RAMs                        ; On            ; On            ;
; Parallel Synthesis                                             ; Off           ; Off           ;
; NOT Gate Push-Back                                             ; On            ; On            ;
; Power-Up Don't Care                                            ; On            ; On            ;
; Remove Redundant Logic Cells                                   ; Off           ; Off           ;
; Remove Duplicate Registers                                     ; On            ; On            ;
; Ignore CARRY Buffers                                           ; Off           ; Off           ;
; Ignore CASCADE Buffers                                         ; Off           ; Off           ;
; Ignore GLOBAL Buffers                                          ; Off           ; Off           ;
; Ignore ROW GLOBAL Buffers                                      ; Off           ; Off           ;
; Ignore LCELL Buffers                                           ; Off           ; Off           ;
; Ignore SOFT Buffers                                            ; On            ; On            ;
; Limit AHDL Integers to 32 Bits                                 ; Off           ; Off           ;
; Auto Implement in ROM                                          ; Off           ; Off           ;
; Optimization Technique                                         ; Area          ; Area          ;
; Carry Chain Length                                             ; 32            ; 32            ;
; Cascade Chain Length                                           ; 2             ; 2             ;
; Auto Carry Chains                                              ; On            ; On            ;
; Auto Open-Drain Pins                                           ; On            ; On            ;
; Auto ROM Replacement                                           ; On            ; On            ;
; Auto RAM Replacement                                           ; On            ; On            ;
; Auto Clock Enable Replacement                                  ; On            ; On            ;
; Strict RAM Replacement                                         ; Off           ; Off           ;
; Auto Resource Sharing                                          ; Off           ; Off           ;
; Allow Any RAM Size For Recognition                             ; Off           ; Off           ;
; Allow Any ROM Size For Recognition                             ; Off           ; Off           ;
; Use LogicLock Constraints during Resource Balancing            ; On            ; On            ;
; Ignore translate_off and synthesis_off directives              ; Off           ; Off           ;
; Show Parameter Settings Tables in Synthesis Report             ; On            ; On            ;
; HDL message level                                              ; Level2        ; Level2        ;
; Suppress Register Optimization Related Messages                ; Off           ; Off           ;
; Number of Removed Registers Reported in Synthesis Report       ; 100           ; 100           ;
; Number of Inverted Registers Reported in Synthesis Report      ; 100           ; 100           ;
; Block Design Naming                                            ; Auto          ; Auto          ;
; Synthesis Effort                                               ; Auto          ; Auto          ;
; Allows Asynchronous Clear Usage For Shift Register Replacement ; On            ; On            ;
; Analysis & Synthesis Message Level                             ; Medium        ; Medium        ;
+----------------------------------------------------------------+---------------+---------------+


+----------------------------------------------------------------------------------------------------------------------------------------+
; Analysis & Synthesis Source Files Read                                                                                                 ;
+----------------------------------+-----------------+------------------------+----------------------------------------------------------+
; File Name with User-Entered Path ; Used in Netlist ; File Type              ; File Name with Absolute Path                             ;
+----------------------------------+-----------------+------------------------+----------------------------------------------------------+
; lab4.v                           ; yes             ; User Verilog HDL File  ; C:/Users/Administrator/Desktop/projects/plis/lab4/lab4.v ;
+----------------------------------+-----------------+------------------------+----------------------------------------------------------+


+---------------------------------------------+
; Analysis & Synthesis Resource Usage Summary ;
+--------------------------------+------------+
; Resource                       ; Usage      ;
+--------------------------------+------------+
; Total logic elements           ; 8          ;
; Total combinational functions  ; 2          ;
;     -- Total 4-input functions ; 0          ;
;     -- Total 3-input functions ; 0          ;
;     -- Total 2-input functions ; 0          ;
;     -- Total 1-input functions ; 2          ;
;     -- Total 0-input functions ; 0          ;
; Total registers                ; 8          ;
; I/O pins                       ; 3          ;
; Maximum fan-out node           ; clk        ;
; Maximum fan-out                ; 8          ;
; Total fan-out                  ; 25         ;
; Average fan-out                ; 2.27       ;
+--------------------------------+------------+


+--------------------------------------------------------------------------------------------------------------------------------------------------------------------------------------------------------+
; Analysis & Synthesis Resource Utilization by Entity                                                                                                                                                    ;
+----------------------------+-------------+--------------+-------------+------+--------------+-------------------+------------------+-----------------+------------+---------------------+--------------+
; Compilation Hierarchy Node ; Logic Cells ; LC Registers ; Memory Bits ; Pins ; LUT-Only LCs ; Register-Only LCs ; LUT/Register LCs ; Carry Chain LCs ; Packed LCs ; Full Hierarchy Name ; Library Name ;
+----------------------------+-------------+--------------+-------------+------+--------------+-------------------+------------------+-----------------+------------+---------------------+--------------+
; |SM8                       ; 8 (8)       ; 8            ; 0           ; 3    ; 0 (0)        ; 6 (6)             ; 2 (2)            ; 0 (0)           ; 0 (0)      ; |SM8                ; work         ;
+----------------------------+-------------+--------------+-------------+------+--------------+-------------------+------------------+-----------------+------------+---------------------+--------------+
Note: For table entries with two numbers listed, the numbers in parentheses indicate the number of resources of the given type used by the specific entity alone. The numbers listed outside of parentheses indicate the total resources of the given type used by the specific entity and all of its sub-entities in the hierarchy.


Encoding Type:  One-Hot
+-----------------------------------------------------------------------------------------------------------+
; State Machine - |SM8|state                                                                                ;
+-----------+-----------+-----------+-----------+-----------+-----------+-----------+-----------+-----------+
; Name      ; state.111 ; state.110 ; state.101 ; state.100 ; state.011 ; state.010 ; state.001 ; state.000 ;
+-----------+-----------+-----------+-----------+-----------+-----------+-----------+-----------+-----------+
; state.000 ; 0         ; 0         ; 0         ; 0         ; 0         ; 0         ; 0         ; 0         ;
; state.001 ; 0         ; 0         ; 0         ; 0         ; 0         ; 0         ; 1         ; 1         ;
; state.010 ; 0         ; 0         ; 0         ; 0         ; 0         ; 1         ; 0         ; 1         ;
; state.011 ; 0         ; 0         ; 0         ; 0         ; 1         ; 0         ; 0         ; 1         ;
; state.100 ; 0         ; 0         ; 0         ; 1         ; 0         ; 0         ; 0         ; 1         ;
; state.101 ; 0         ; 0         ; 1         ; 0         ; 0         ; 0         ; 0         ; 1         ;
; state.110 ; 0         ; 1         ; 0         ; 0         ; 0         ; 0         ; 0         ; 1         ;
; state.111 ; 1         ; 0         ; 0         ; 0         ; 0         ; 0         ; 0         ; 1         ;
+-----------+-----------+-----------+-----------+-----------+-----------+-----------+-----------+-----------+


+------------------------------------------------------------+
; Registers Removed During Synthesis                         ;
+---------------------------------------+--------------------+
; Register name                         ; Reason for Removal ;
+---------------------------------------+--------------------+
; state~10                              ; Lost fanout        ;
; state~11                              ; Lost fanout        ;
; state~12                              ; Lost fanout        ;
; Total Number of Removed Registers = 3 ;                    ;
+---------------------------------------+--------------------+


+------------------------------------------------------+
; General Register Statistics                          ;
+----------------------------------------------+-------+
; Statistic                                    ; Value ;
+----------------------------------------------+-------+
; Total registers                              ; 8     ;
; Number of registers using Synchronous Clear  ; 0     ;
; Number of registers using Synchronous Load   ; 0     ;
; Number of registers using Asynchronous Clear ; 8     ;
; Number of registers using Asynchronous Load  ; 0     ;
; Number of registers using Clock Enable       ; 0     ;
; Number of registers using Preset             ; 0     ;
+----------------------------------------------+-------+


+-------------------------------+
; Analysis & Synthesis Messages ;
+-------------------------------+
Info: *******************************************************************
Info: Running Quartus II Analysis & Synthesis
    Info: Version 9.0 Build 132 02/25/2009 SJ Full Version
    Info: Processing started: Wed Oct 23 15:38:53 2024
Info: Command: quartus_map --read_settings_files=on --write_settings_files=off lab4 -c lab4
Info: Found 4 design units, including 4 entities, in source file lab4.v
    Info: Found entity 1: FSM
    Info: Found entity 2: Moore
    Info: Found entity 3: Mealy
    Info: Found entity 4: SM8
Info: Elaborating entity "SM8" for the top level hierarchy
Info: 3 registers lost all their fanouts during netlist optimizations. The first 3 are displayed below.
    Info: Register "state~10" lost all its fanouts during netlist optimizations.
    Info: Register "state~11" lost all its fanouts during netlist optimizations.
    Info: Register "state~12" lost all its fanouts during netlist optimizations.
Info: Implemented 11 device resources after synthesis - the final resource count might be different
    Info: Implemented 2 input pins
    Info: Implemented 1 output pins
    Info: Implemented 8 logic cells
Info: Quartus II Analysis & Synthesis was successful. 0 errors, 0 warnings
    Info: Peak virtual memory: 220 megabytes
    Info: Processing ended: Wed Oct 23 15:38:54 2024
    Info: Elapsed time: 00:00:01
    Info: Total CPU time (on all processors): 00:00:00


