Analysis & Synthesis report for lab2
Wed Oct 23 12:40:24 2024
Quartus II Version 9.0 Build 132 02/25/2009 SJ Full Version


---------------------
; Table of Contents ;
---------------------
  1. Legal Notice
  2. Analysis & Synthesis Summary
  3. Analysis & Synthesis Settings
  4. Analysis & Synthesis Source Files Read
  5. Analysis & Synthesis Resource Usage Summary
  6. Analysis & Synthesis Resource Utilization by Entity
  7. General Register Statistics
  8. Inverted Register Statistics
  9. Source assignments for lpm_add_sub:Add0|addcore:adder
 10. Parameter Settings for User Entity Instance: Top-level Entity: |lab2_delay
 11. Parameter Settings for Inferred Entity Instance: lpm_add_sub:Add0
 12. Analysis & Synthesis Messages
 13. Analysis & Synthesis Suppressed Messages



----------------
; Legal Notice ;
----------------
Copyright (C) 1991-2009 Altera Corporation
Your use of Altera Corporation's design tools, logic functions 
and other software and tools, and its AMPP partner logic 
functions, and any output files from any of the foregoing 
(including device programming or simulation files), and any 
associated documentation or information are expressly subject 
to the terms and conditions of the Altera Program License 
Subscription Agreement, Altera MegaCore Function License 
Agreement, or other applicable license agreement, including, 
without limitation, that your use is for the sole purpose of 
programming logic devices manufactured by Altera and sold by 
Altera or its authorized distributors.  Please refer to the 
applicable agreement for further details.



+------------------------------------------------------------------------+
; Analysis & Synthesis Summary                                           ;
+-----------------------------+------------------------------------------+
; Analysis & Synthesis Status ; Successful - Wed Oct 23 12:40:24 2024    ;
; Quartus II Version          ; 9.0 Build 132 02/25/2009 SJ Full Version ;
; Revision Name               ; lab2                                     ;
; Top-level Entity Name       ; lab2_delay                               ;
; Family                      ; ACEX1K                                   ;
; Total logic elements        ; 82                                       ;
; Total pins                  ; 18                                       ;
; Total memory bits           ; 0                                        ;
; Total PLLs                  ; 0                                        ;
+-----------------------------+------------------------------------------+


+------------------------------------------------------------------------------------------------+
; Analysis & Synthesis Settings                                                                  ;
+----------------------------------------------------------------+---------------+---------------+
; Option                                                         ; Setting       ; Default Value ;
+----------------------------------------------------------------+---------------+---------------+
; Device                                                         ; EP1K30TC144-3 ;               ;
; Top-level entity name                                          ; lab2_delay    ; lab2          ;
; Family name                                                    ; ACEX1K        ; Stratix II    ;
; Type of Retiming Performed During Resynthesis                  ; Full          ;               ;
; Resynthesis Optimization Effort                                ; Normal        ;               ;
; Physical Synthesis Level for Resynthesis                       ; Normal        ;               ;
; Use Generated Physical Constraints File                        ; On            ;               ;
; Use smart compilation                                          ; Off           ; Off           ;
; Create Debugging Nodes for IP Cores                            ; Off           ; Off           ;
; Preserve fewer node names                                      ; On            ; On            ;
; Disable OpenCore Plus hardware evaluation                      ; Off           ; Off           ;
; Verilog Version                                                ; Verilog_2001  ; Verilog_2001  ;
; VHDL Version                                                   ; VHDL93        ; VHDL93        ;
; State Machine Processing                                       ; Auto          ; Auto          ;
; Safe State Machine                                             ; Off           ; Off           ;
; Extract Verilog State Machines                                 ; On            ; On            ;
; Extract VHDL State Machines                                    ; On            ; On            ;
; Ignore Verilog initial constructs                              ; Off           ; Off           ;
; Iteration limit for constant Verilog loops                     ; 5000          ; 5000          ;
; Iteration limit for non-constant Verilog loops                 ; 250           ; 250           ;
; Add Pass-Through Logic to Inferred RAMs                        ; On            ; On            ;
; Parallel Synthesis                                             ; Off           ; Off           ;
; NOT Gate Push-Back                                             ; On            ; On            ;
; Power-Up Don't Care                                            ; On            ; On            ;
; Remove Redundant Logic Cells                                   ; Off           ; Off           ;
; Remove Duplicate Registers                                     ; On            ; On            ;
; Ignore CARRY Buffers                                           ; Off           ; Off           ;
; Ignore CASCADE Buffers                                         ; Off           ; Off           ;
; Ignore GLOBAL Buffers                                          ; Off           ; Off           ;
; Ignore ROW GLOBAL Buffers                                      ; Off           ; Off           ;
; Ignore LCELL Buffers                                           ; Off           ; Off           ;
; Ignore SOFT Buffers                                            ; On            ; On            ;
; Limit AHDL Integers to 32 Bits                                 ; Off           ; Off           ;
; Auto Implement in ROM                                          ; Off           ; Off           ;
; Optimization Technique                                         ; Area          ; Area          ;
; Carry Chain Length                                             ; 32            ; 32            ;
; Cascade Chain Length                                           ; 2             ; 2             ;
; Auto Carry Chains                                              ; On            ; On            ;
; Auto Open-Drain Pins                                           ; On            ; On            ;
; Auto ROM Replacement                                           ; On            ; On            ;
; Auto RAM Replacement                                           ; On            ; On            ;
; Auto Clock Enable Replacement                                  ; On            ; On            ;
; Strict RAM Replacement                                         ; Off           ; Off           ;
; Auto Resource Sharing                                          ; Off           ; Off           ;
; Allow Any RAM Size For Recognition                             ; Off           ; Off           ;
; Allow Any ROM Size For Recognition                             ; Off           ; Off           ;
; Use LogicLock Constraints during Resource Balancing            ; On            ; On            ;
; Ignore translate_off and synthesis_off directives              ; Off           ; Off           ;
; Show Parameter Settings Tables in Synthesis Report             ; On            ; On            ;
; HDL message level                                              ; Level2        ; Level2        ;
; Suppress Register Optimization Related Messages                ; Off           ; Off           ;
; Number of Removed Registers Reported in Synthesis Report       ; 100           ; 100           ;
; Number of Inverted Registers Reported in Synthesis Report      ; 100           ; 100           ;
; Block Design Naming                                            ; Auto          ; Auto          ;
; Synthesis Effort                                               ; Auto          ; Auto          ;
; Allows Asynchronous Clear Usage For Shift Register Replacement ; On            ; On            ;
; Analysis & Synthesis Message Level                             ; Medium        ; Medium        ;
+----------------------------------------------------------------+---------------+---------------+


+----------------------------------------------------------------------------------------------------------------------------------------------------+
; Analysis & Synthesis Source Files Read                                                                                                             ;
+----------------------------------+-----------------+------------------------+----------------------------------------------------------------------+
; File Name with User-Entered Path ; Used in Netlist ; File Type              ; File Name with Absolute Path                                         ;
+----------------------------------+-----------------+------------------------+----------------------------------------------------------------------+
; lab2.v                           ; yes             ; User Verilog HDL File  ; C:/Users/Administrator/Desktop/projects/plis/lab2/lab2.v             ;
; lpm_add_sub.tdf                  ; yes             ; Megafunction           ; c:/altera/90/quartus/libraries/megafunctions/lpm_add_sub.tdf         ;
; addcore.inc                      ; yes             ; Megafunction           ; c:/altera/90/quartus/libraries/megafunctions/addcore.inc             ;
; look_add.inc                     ; yes             ; Megafunction           ; c:/altera/90/quartus/libraries/megafunctions/look_add.inc            ;
; bypassff.inc                     ; yes             ; Megafunction           ; c:/altera/90/quartus/libraries/megafunctions/bypassff.inc            ;
; altshift.inc                     ; yes             ; Megafunction           ; c:/altera/90/quartus/libraries/megafunctions/altshift.inc            ;
; alt_stratix_add_sub.inc          ; yes             ; Megafunction           ; c:/altera/90/quartus/libraries/megafunctions/alt_stratix_add_sub.inc ;
; alt_mercury_add_sub.inc          ; yes             ; Megafunction           ; c:/altera/90/quartus/libraries/megafunctions/alt_mercury_add_sub.inc ;
; aglobal90.inc                    ; yes             ; Megafunction           ; c:/altera/90/quartus/libraries/megafunctions/aglobal90.inc           ;
; addcore.tdf                      ; yes             ; Megafunction           ; c:/altera/90/quartus/libraries/megafunctions/addcore.tdf             ;
; a_csnbuffer.inc                  ; yes             ; Megafunction           ; c:/altera/90/quartus/libraries/megafunctions/a_csnbuffer.inc         ;
; a_csnbuffer.tdf                  ; yes             ; Megafunction           ; c:/altera/90/quartus/libraries/megafunctions/a_csnbuffer.tdf         ;
; altshift.tdf                     ; yes             ; Megafunction           ; c:/altera/90/quartus/libraries/megafunctions/altshift.tdf            ;
+----------------------------------+-----------------+------------------------+----------------------------------------------------------------------+


+---------------------------------------------+
; Analysis & Synthesis Resource Usage Summary ;
+-----------------------------------+---------+
; Resource                          ; Usage   ;
+-----------------------------------+---------+
; Total logic elements              ; 82      ;
; Total combinational functions     ; 47      ;
;     -- Total 4-input functions    ; 9       ;
;     -- Total 3-input functions    ; 0       ;
;     -- Total 2-input functions    ; 7       ;
;     -- Total 1-input functions    ; 31      ;
;     -- Total 0-input functions    ; 0       ;
; Total registers                   ; 45      ;
; Total logic cells in carry chains ; 28      ;
; I/O pins                          ; 18      ;
; Maximum fan-out node              ; clk     ;
; Maximum fan-out                   ; 45      ;
; Total fan-out                     ; 288     ;
; Average fan-out                   ; 2.88    ;
+-----------------------------------+---------+


+---------------------------------------------------------------------------------------------------------------------------------------------------------------------------------------------------------------------------------------------------------------+
; Analysis & Synthesis Resource Utilization by Entity                                                                                                                                                                                                           ;
+------------------------------------+-------------+--------------+-------------+------+--------------+-------------------+------------------+-----------------+------------+--------------------------------------------------------------------+--------------+
; Compilation Hierarchy Node         ; Logic Cells ; LC Registers ; Memory Bits ; Pins ; LUT-Only LCs ; Register-Only LCs ; LUT/Register LCs ; Carry Chain LCs ; Packed LCs ; Full Hierarchy Name                                                ; Library Name ;
+------------------------------------+-------------+--------------+-------------+------+--------------+-------------------+------------------+-----------------+------------+--------------------------------------------------------------------+--------------+
; |lab2_delay                        ; 82 (55)     ; 45           ; 0           ; 18   ; 37 (10)      ; 35 (35)           ; 10 (10)          ; 28 (1)          ; 0 (0)      ; |lab2_delay                                                        ; work         ;
;    |lpm_add_sub:Add0|              ; 27 (0)      ; 0            ; 0           ; 0    ; 27 (0)       ; 0 (0)             ; 0 (0)            ; 27 (0)          ; 0 (0)      ; |lab2_delay|lpm_add_sub:Add0                                       ; work         ;
;       |addcore:adder|              ; 27 (1)      ; 0            ; 0           ; 0    ; 27 (1)       ; 0 (0)             ; 0 (0)            ; 27 (1)          ; 0 (0)      ; |lab2_delay|lpm_add_sub:Add0|addcore:adder                         ; work         ;
;          |a_csnbuffer:result_node| ; 26 (26)     ; 0            ; 0           ; 0    ; 26 (26)      ; 0 (0)             ; 0 (0)            ; 26 (26)         ; 0 (0)      ; |lab2_delay|lpm_add_sub:Add0|addcore:adder|a_csnbuffer:result_node ; work         ;
+------------------------------------+-------------+--------------+-------------+------+--------------+-------------------+------------------+-----------------+------------+--------------------------------------------------------------------+--------------+
Note: For table entries with two numbers listed, the numbers in parentheses indicate the number of resources of the given type used by the specific entity alone. The numbers listed outside of parentheses indicate the total resources of the given type used by the specific entity and all of its sub-entities in the hierarchy.


+------------------------------------------------------+
; General Register Statistics                          ;
+----------------------------------------------+-------+
; Statistic                                    ; Value ;
+----------------------------------------------+-------+
; Total registers                              ; 45    ;
; Number of registers using Synchronous Clear  ; 0     ;
; Number of registers using Synchronous Load   ; 0     ;
; Number of registers using Asynchronous Clear ; 44    ;
; Number of registers using Asynchronous Load  ; 0     ;
; Number of registers using Clock Enable       ; 37    ;
; Number of registers using Preset             ; 0     ;
+----------------------------------------------+-------+


+--------------------------------------------------+
; Inverted Register Statistics                     ;
+----------------------------------------+---------+
; Inverted Register                      ; Fan out ;
+----------------------------------------+---------+
; out[0]~reg0                            ; 1       ;
; temp[0]~reg0                           ; 3       ;
; Total number of inverted registers = 2 ;         ;
+----------------------------------------+---------+


+-------------------------------------------------------+
; Source assignments for lpm_add_sub:Add0|addcore:adder ;
+---------------------------+-------+------+------------+
; Assignment                ; Value ; From ; To         ;
+---------------------------+-------+------+------------+
; SUPPRESS_DA_RULE_INTERNAL ; A103  ; -    ; -          ;
+---------------------------+-------+------+------------+


+----------------------------------------------------------------------------+
; Parameter Settings for User Entity Instance: Top-level Entity: |lab2_delay ;
+----------------+-------+---------------------------------------------------+
; Parameter Name ; Value ; Type                                              ;
+----------------+-------+---------------------------------------------------+
; MAX_COUNT      ; 4000  ; Signed Integer                                    ;
+----------------+-------+---------------------------------------------------+
Note: In order to hide this table in the UI and the text report file, please set the "Show Parameter Settings Tables in Synthesis Report" option in "Analysis and Synthesis Settings -> More Settings" to "Off".


+-------------------------------------------------------------------+
; Parameter Settings for Inferred Entity Instance: lpm_add_sub:Add0 ;
+------------------------+-------------+----------------------------+
; Parameter Name         ; Value       ; Type                       ;
+------------------------+-------------+----------------------------+
; LPM_WIDTH              ; 28          ; Untyped                    ;
; LPM_REPRESENTATION     ; UNSIGNED    ; Untyped                    ;
; LPM_DIRECTION          ; ADD         ; Untyped                    ;
; ONE_INPUT_IS_CONSTANT  ; YES         ; Untyped                    ;
; LPM_PIPELINE           ; 0           ; Untyped                    ;
; MAXIMIZE_SPEED         ; 5           ; Untyped                    ;
; REGISTERED_AT_END      ; 0           ; Untyped                    ;
; OPTIMIZE_FOR_SPEED     ; 1           ; Untyped                    ;
; USE_CS_BUFFERS         ; 1           ; Untyped                    ;
; CARRY_CHAIN            ; MANUAL      ; Untyped                    ;
; CARRY_CHAIN_LENGTH     ; 48          ; CARRY_CHAIN_LENGTH         ;
; DEVICE_FAMILY          ; ACEX1K      ; Untyped                    ;
; USE_WYS                ; OFF         ; Untyped                    ;
; STYLE                  ; FAST        ; Untyped                    ;
; CBXI_PARAMETER         ; add_sub_anh ; Untyped                    ;
; AUTO_CARRY_CHAINS      ; ON          ; AUTO_CARRY                 ;
; IGNORE_CARRY_BUFFERS   ; OFF         ; IGNORE_CARRY               ;
; AUTO_CASCADE_CHAINS    ; ON          ; AUTO_CASCADE               ;
; IGNORE_CASCADE_BUFFERS ; OFF         ; IGNORE_CASCADE             ;
+------------------------+-------------+----------------------------+
Note: In order to hide this table in the UI and the text report file, please set the "Show Parameter Settings Tables in Synthesis Report" option in "Analysis and Synthesis Settings -> More Settings" to "Off".


+-------------------------------+
; Analysis & Synthesis Messages ;
+-------------------------------+
Info: *******************************************************************
Info: Running Quartus II Analysis & Synthesis
    Info: Version 9.0 Build 132 02/25/2009 SJ Full Version
    Info: Processing started: Wed Oct 23 12:40:22 2024
Info: Command: quartus_map --read_settings_files=on --write_settings_files=off lab2 -c lab2
Info: Found 3 design units, including 3 entities, in source file lab2.v
    Info: Found entity 1: lab2
    Info: Found entity 2: lab2_delay
    Info: Found entity 3: delay
Info: Elaborating entity "lab2_delay" for the top level hierarchy
Warning (10230): Verilog HDL assignment warning at lab2.v(37): truncated value with size 32 to match size of target (28)
Info: Inferred 1 megafunctions from design logic
    Info: Inferred adder/subtractor megafunction ("lpm_add_sub") from the following logic: "Add0"
Info: Elaborated megafunction instantiation "lpm_add_sub:Add0"
Info: Instantiated megafunction "lpm_add_sub:Add0" with the following parameter:
    Info: Parameter "LPM_WIDTH" = "28"
    Info: Parameter "LPM_DIRECTION" = "ADD"
    Info: Parameter "LPM_REPRESENTATION" = "UNSIGNED"
    Info: Parameter "ONE_INPUT_IS_CONSTANT" = "YES"
Info: Elaborated megafunction instantiation "lpm_add_sub:Add0|addcore:adder", which is child of megafunction instantiation "lpm_add_sub:Add0"
Info: Elaborated megafunction instantiation "lpm_add_sub:Add0|addcore:adder|a_csnbuffer:oflow_node", which is child of megafunction instantiation "lpm_add_sub:Add0"
Info: Elaborated megafunction instantiation "lpm_add_sub:Add0|addcore:adder|a_csnbuffer:result_node", which is child of megafunction instantiation "lpm_add_sub:Add0"
Info: Elaborated megafunction instantiation "lpm_add_sub:Add0|altshift:result_ext_latency_ffs", which is child of megafunction instantiation "lpm_add_sub:Add0"
Info: Elaborated megafunction instantiation "lpm_add_sub:Add0|altshift:carry_ext_latency_ffs", which is child of megafunction instantiation "lpm_add_sub:Add0"
Info: Registers with preset signals will power-up high
Info: Implemented 100 device resources after synthesis - the final resource count might be different
    Info: Implemented 2 input pins
    Info: Implemented 16 output pins
    Info: Implemented 82 logic cells
Info: Generated suppressed messages file C:/Users/Administrator/Desktop/projects/plis/lab2/lab2.map.smsg
Info: Quartus II Analysis & Synthesis was successful. 0 errors, 1 warning
    Info: Peak virtual memory: 218 megabytes
    Info: Processing ended: Wed Oct 23 12:40:24 2024
    Info: Elapsed time: 00:00:02
    Info: Total CPU time (on all processors): 00:00:01


+------------------------------------------+
; Analysis & Synthesis Suppressed Messages ;
+------------------------------------------+
The suppressed messages can be found in C:/Users/Administrator/Desktop/projects/plis/lab2/lab2.map.smsg.


